0 info it worked if it ends with ok
1 verbose cli [ 'C:\\Program Files\\nodejs\\node.exe',
1 verbose cli   'C:\\Program Files\\nodejs\\node_modules\\npm\\bin\\npm-cli.js',
1 verbose cli   'start' ]
2 info using npm@3.10.3
3 info using node@v6.3.1
4 verbose run-script [ 'prestart', 'start', 'poststart' ]
5 info lifecycle clinicnumber@0.0.1~prestart: clinicnumber@0.0.1
6 silly lifecycle clinicnumber@0.0.1~prestart: no script for prestart, continuing
7 info lifecycle clinicnumber@0.0.1~start: clinicnumber@0.0.1
8 verbose lifecycle clinicnumber@0.0.1~start: unsafe-perm in lifecycle true
9 verbose lifecycle clinicnumber@0.0.1~start: PATH: C:\Program Files\nodejs\node_modules\npm\bin\node-gyp-bin;C:\users\alvaro\documents\ClinicNumber\node_modules\.bin;C:\Program Files\nodejs;C:\cygwin64\usr\local\bin;C:\cygwin64\bin;C:\Program Files\ImageMagick-7.0.5-Q16;C:\Program Files (x86)\NVIDIA Corporation\PhysX\Common;C:\MinGW;C:\MinGW\bin;C:\Perl64\bin;C:\Perl64\site\bin;C:\WINDOWS\system32;C:\WINDOWS;C:\WINDOWS\System32\Wbem;C:\WINDOWS\System32\WindowsPowerShell\v1.0;C:\Program Files (x86)\ATI Technologies\ATI.ACE\Core-Static;C:\Program Files\nodejs;C:\Program Files\Emscripten\emscripten\1.35.0;C:\Program Files\Emscripten;C:\Program Files\Emscripten\clang\e1.35.0_64bit;C:\Program Files\Emscripten\node\0.12.2_64bit;C:\Program Files\Emscripten\python\2.7.5.3_64bit;C:\Program Files\Emscripten\java\7.45_64bit\bin;C:\Program Files\Emscripten\crunch\1.03;C:\Program Files\Emscripten\mingw\4.6.2_32bit;C:\Users\Alvaro\AppData\Local\Programs\Python\Python35\Scripts;C:\Users\Alvaro\AppData\Local\Programs\Python\Python35;C:\Program Files (x86)\Nmap;C:\Users\Alvaro\AppData\Roaming\npm;C:\Users\Alvaro\AppData\Local\Microsoft\WindowsApps;C:\Program Files\MongoDB\Server\3.4\bin
10 verbose lifecycle clinicnumber@0.0.1~start: CWD: C:\users\alvaro\documents\ClinicNumber
11 silly lifecycle clinicnumber@0.0.1~start: Args: [ '/d /s /c', 'node ./bin/www' ]
12 silly lifecycle clinicnumber@0.0.1~start: Returned: code: 1  signal: null
13 info lifecycle clinicnumber@0.0.1~start: Failed to exec start script
14 verbose stack Error: clinicnumber@0.0.1 start: `node ./bin/www`
14 verbose stack Exit status 1
14 verbose stack     at EventEmitter.<anonymous> (C:\Program Files\nodejs\node_modules\npm\lib\utils\lifecycle.js:242:16)
14 verbose stack     at emitTwo (events.js:106:13)
14 verbose stack     at EventEmitter.emit (events.js:191:7)
14 verbose stack     at ChildProcess.<anonymous> (C:\Program Files\nodejs\node_modules\npm\lib\utils\spawn.js:40:14)
14 verbose stack     at emitTwo (events.js:106:13)
14 verbose stack     at ChildProcess.emit (events.js:191:7)
14 verbose stack     at maybeClose (internal/child_process.js:852:16)
14 verbose stack     at Process.ChildProcess._handle.onexit (internal/child_process.js:215:5)
15 verbose pkgid clinicnumber@0.0.1
16 verbose cwd C:\users\alvaro\documents\ClinicNumber
17 error Windows_NT 10.0.15063
18 error argv "C:\\Program Files\\nodejs\\node.exe" "C:\\Program Files\\nodejs\\node_modules\\npm\\bin\\npm-cli.js" "start"
19 error node v6.3.1
20 error npm  v3.10.3
21 error code ELIFECYCLE
22 error clinicnumber@0.0.1 start: `node ./bin/www`
22 error Exit status 1
23 error Failed at the clinicnumber@0.0.1 start script 'node ./bin/www'.
23 error Make sure you have the latest version of node.js and npm installed.
23 error If you do, this is most likely a problem with the clinicnumber package,
23 error not with npm itself.
23 error Tell the author that this fails on your system:
23 error     node ./bin/www
23 error You can get information on how to open an issue for this project with:
23 error     npm bugs clinicnumber
23 error Or if that isn't available, you can get their info via:
23 error     npm owner ls clinicnumber
23 error There is likely additional logging output above.
24 verbose exit [ 1, true ]
